<?xml version="1.0" encoding="UTF-8"?>
<!-- Generated by org.testng.reporters.JUnitReportReporter -->
<testsuite hostname="IN-PG02NJQY" failures="0" tests="1" name="com.SeleniumAssignment.tests.CareersTest" time="21.773" errors="0" timestamp="2021-12-19T15:37:32 IST" skipped="0">
  <testcase classname="com.SeleniumAssignment.tests.CareersTest" name="careersSearchJobTest" time="21.773"/>
  <system-out/>
</testsuite> <!-- com.SeleniumAssignment.tests.CareersTest -->
